0 info it worked if it ends with ok
1 verbose cli [ 'C:\\Program Files\\nodejs\\node.exe',
1 verbose cli   'C:\\Program Files\\nodejs\\node_modules\\npm\\bin\\npm-cli.js',
1 verbose cli   'run',
1 verbose cli   'dev' ]
2 info using npm@3.10.10
3 info using node@v6.11.4
4 verbose run-script [ 'predev', 'dev', 'postdev' ]
5 info lifecycle MyBlog@0.0.0~predev: MyBlog@0.0.0
6 silly lifecycle MyBlog@0.0.0~predev: no script for predev, continuing
7 info lifecycle MyBlog@0.0.0~dev: MyBlog@0.0.0
8 verbose lifecycle MyBlog@0.0.0~dev: unsafe-perm in lifecycle true
9 verbose lifecycle MyBlog@0.0.0~dev: PATH: C:\Program Files\nodejs\node_modules\npm\bin\node-gyp-bin;C:\Users\Administrator\Documents\HBuilderProject\MyBlog\MyBlog\node_modules\.bin;C:\ProgramData\Oracle\Java\javapath;C:\Ruby22-x64\bin;C:\Windows\system32;C:\Windows;C:\Windows\System32\Wbem;C:\Windows\System32\WindowsPowerShell\v1.0\;E:\jdk1.6.0_21\bin;C:\Program Files\nodejs\;C:\Program Files\Git\cmd;C:\Program Files\TortoiseGit\bin;E:\jdk1.6.0_21\bin;E:\apache-tomcat-7.0.57\lib;E:\apache-tomcat-7.0.57\bin;C:\Users\Administrator\AppData\Roaming\npm;C:\VSC\Microsoft VS Code\bin
10 verbose lifecycle MyBlog@0.0.0~dev: CWD: C:\Users\Administrator\Documents\HBuilderProject\MyBlog\MyBlog
11 silly lifecycle MyBlog@0.0.0~dev: Args: [ '/d /s /c', 'supervisor ./bin/www' ]
12 silly lifecycle MyBlog@0.0.0~dev: Returned: code: 3221225786  signal: null
13 info lifecycle MyBlog@0.0.0~dev: Failed to exec dev script
14 verbose stack Error: MyBlog@0.0.0 dev: `supervisor ./bin/www`
14 verbose stack Exit status 3221225786
14 verbose stack     at EventEmitter.<anonymous> (C:\Program Files\nodejs\node_modules\npm\lib\utils\lifecycle.js:255:16)
14 verbose stack     at emitTwo (events.js:106:13)
14 verbose stack     at EventEmitter.emit (events.js:191:7)
14 verbose stack     at ChildProcess.<anonymous> (C:\Program Files\nodejs\node_modules\npm\lib\utils\spawn.js:40:14)
14 verbose stack     at emitTwo (events.js:106:13)
14 verbose stack     at ChildProcess.emit (events.js:191:7)
14 verbose stack     at maybeClose (internal/child_process.js:920:16)
14 verbose stack     at Process.ChildProcess._handle.onexit (internal/child_process.js:230:5)
15 verbose pkgid MyBlog@0.0.0
16 verbose cwd C:\Users\Administrator\Documents\HBuilderProject\MyBlog\MyBlog
17 error Windows_NT 6.1.7601
18 error argv "C:\\Program Files\\nodejs\\node.exe" "C:\\Program Files\\nodejs\\node_modules\\npm\\bin\\npm-cli.js" "run" "dev"
19 error node v6.11.4
20 error npm  v3.10.10
21 error code ELIFECYCLE
22 error MyBlog@0.0.0 dev: `supervisor ./bin/www`
22 error Exit status 3221225786
23 error Failed at the MyBlog@0.0.0 dev script 'supervisor ./bin/www'.
23 error Make sure you have the latest version of node.js and npm installed.
23 error If you do, this is most likely a problem with the MyBlog package,
23 error not with npm itself.
23 error Tell the author that this fails on your system:
23 error     supervisor ./bin/www
23 error You can get information on how to open an issue for this project with:
23 error     npm bugs MyBlog
23 error Or if that isn't available, you can get their info via:
23 error     npm owner ls MyBlog
23 error There is likely additional logging output above.
24 verbose exit [ 1, true ]
